03:53:55 **** Incremental Build of configuration release for project inet4.5 ****
make MODE=release -j2 all 
make[1]: Entering directory '/home/simu5g/simu5g-workspace/inet4.5/src'
*** CCACHE not detected - using precompiled headers
*** COMPILING with:
clang++ -c  -O3 -DNDEBUG=1 -ffp-contract=off   -MMD -MP -MF .d  -fPIC  -Wno-deprecated-register -Wno-unused-function -fno-omit-frame-pointer -DHAVE_SWAPCONTEXT -DWITH_QTENV -DWITH_NETBUILDER -DWITH_OSG -fopenmp -Wno-overloaded-virtual -include inet/common/precompiled_release.h -DOMNETPPLIBS_IMPORT -DINET_EXPORT -I. -I/home/simu5g/omnetpp-6.0/include
*** LINKING with:
clang++ -shared -fPIC -o ../out/clang-release/src/libINET.so -Wl,--no-as-needed -Wl,--whole-archive  -Wl,--no-whole-archive -loppenvir -loppsim -ldl -lstdc++    -fuse-ld=lld -Wl,-rpath,/home/simu5g/omnetpp-6.0/lib -Wl,-rpath,/home/simu5g/omnetpp-6.0/tools/linux.x86_64/lib -Wl,-rpath,.  -Wl,--export-dynamic -L/home/simu5g/omnetpp-6.0/lib -fopenmp
Building...
inet/linklayer/ethernet/common/MacForwardingTable.cc
inet/protocolelement/redundancy/StreamIdentifier.cc
fatal error: file '/usr/bin/../lib/gcc/x86_64-linux-gnu/9/../../../../include/c++/9/string' has been modified since the precompiled header 'inet/common/precompiled_release.h.pch' was built: mtime changed
fatal error: file '/usr/bin/../lib/gcc/x86_64-linux-gnu/9/../../../../include/c++/9/string' has been modified since the precompiled header 'inet/common/precompiled_release.h.pch' was built: mtime changed
note: please rebuild precompiled header 'inet/common/precompiled_release.h.pch'
note: please rebuild precompiled header 'inet/common/precompiled_release.h.pch'
1 error generated.
1 error generated.
make[1]: *** [Makefile:1863: ../out/clang-release/src/inet/linklayer/ethernet/common/MacForwardingTable.o] Error 1
make[1]: *** Waiting for unfinished jobs....
make[1]: *** [Makefile:1863: ../out/clang-release/src/inet/protocolelement/redundancy/StreamIdentifier.o] Error 1
make[1]: Leaving directory '/home/simu5g/simu5g-workspace/inet4.5/src'
make: *** [Makefile:7: all] Error 2
"make MODE=release -j2 all" terminated with exit code 2. Build might be incomplete.

03:54:03 Build Failed. 4 errors, 0 warnings. (took 7s.66ms)

